[debug] [2021-02-22T08:23:21.218Z] ----------------------------------------------------------------------
[debug] [2021-02-22T08:23:21.220Z] Command:       /usr/local/bin/node /usr/local/bin/firebase init
[debug] [2021-02-22T08:23:21.220Z] CLI Version:   9.4.0
[debug] [2021-02-22T08:23:21.220Z] Platform:      darwin
[debug] [2021-02-22T08:23:21.220Z] Node Version:  v14.15.4
[debug] [2021-02-22T08:23:21.226Z] Time:          Mon Feb 22 2021 17:23:21 GMT+0900 (대한민국 표준시)
[debug] [2021-02-22T08:23:21.226Z] ----------------------------------------------------------------------
[debug] [2021-02-22T08:23:21.226Z] 
[debug] [2021-02-22T08:23:21.231Z] > command requires scopes: ["email","openid","https://www.googleapis.com/auth/cloudplatformprojects.readonly","https://www.googleapis.com/auth/firebase","https://www.googleapis.com/auth/cloud-platform"]
[debug] [2021-02-22T08:23:21.232Z] > authorizing via signed-in user
[info] 
     ######## #### ########  ######## ########     ###     ######  ########
     ##        ##  ##     ## ##       ##     ##  ##   ##  ##       ##
     ######    ##  ########  ######   ########  #########  ######  ######
     ##        ##  ##    ##  ##       ##     ## ##     ##       ## ##
     ##       #### ##     ## ######## ########  ##     ##  ######  ########

You're about to initialize a Firebase project in this directory:

  /Users/alboom/Documents/VSCodeProjects/react-firebase-chat

Before we get started, keep in mind:

  * You are initializing in an existing Firebase project directory

[info] 
=== Project Setup
[info] 
[info] First, let's associate this project directory with a Firebase project.
[info] You can create multiple project aliases by running firebase use --add, 
[info] but for now we'll just set up a default project.
[info] 
[info] i  .firebaserc already has a default project, using react-firebase-chat-app-a20b5. 
[debug] [2021-02-22T08:23:23.445Z] > refreshing access token with scopes: []
[debug] [2021-02-22T08:23:23.445Z] >>> HTTP REQUEST POST https://www.googleapis.com/oauth2/v3/token  
 <request body omitted>
[debug] [2021-02-22T08:23:23.714Z] <<< HTTP RESPONSE 200 {"expires":"Mon, 01 Jan 1990 00:00:00 GMT","pragma":"no-cache","cache-control":"no-cache, no-store, max-age=0, must-revalidate","date":"Mon, 22 Feb 2021 08:23:23 GMT","content-type":"application/json; charset=utf-8","vary":"X-Origin, Referer, Origin,Accept-Encoding","server":"scaffolding on HTTPServer2","x-xss-protection":"0","x-frame-options":"SAMEORIGIN","x-content-type-options":"nosniff","alt-svc":"h3-29=\":443\"; ma=2592000,h3-T051=\":443\"; ma=2592000,h3-Q050=\":443\"; ma=2592000,h3-Q046=\":443\"; ma=2592000,h3-Q043=\":443\"; ma=2592000,quic=\":443\"; ma=2592000; v=\"46,43\"","accept-ranges":"none","transfer-encoding":"chunked"}
[debug] [2021-02-22T08:23:23.742Z] >>> [apiv2][query] GET https://firebase.googleapis.com/v1beta1/projects/react-firebase-chat-app-a20b5 [none]
[debug] [2021-02-22T08:23:23.851Z] Failed to make request to https://firebase.googleapis.com/v1beta1/projects/react-firebase-chat-app-a20b5
[debug] [2021-02-22T08:23:24.038Z] FirebaseError: Failed to make request to https://firebase.googleapis.com/v1beta1/projects/react-firebase-chat-app-a20b5
    at Client.doRequest (/usr/local/lib/node_modules/firebase-tools/lib/apiv2.js:211:19)
    at processTicksAndRejections (internal/process/task_queues.js:93:5)
    at async Client.request (/usr/local/lib/node_modules/firebase-tools/lib/apiv2.js:96:20)
    at async Object.getFirebaseProject (/usr/local/lib/node_modules/firebase-tools/lib/management/projects.js:289:21)
    at async Object.doSetup [as project] (/usr/local/lib/node_modules/firebase-tools/lib/init/features/project.js:77:27)
    at async init (/usr/local/lib/node_modules/firebase-tools/lib/init/index.js:19:9)
[error] 
[error] Error: Failed to get Firebase project react-firebase-chat-app-a20b5. Please make sure the project exists and your account has permission to access it.
[debug] [2021-02-22T08:24:10.098Z] ----------------------------------------------------------------------
[debug] [2021-02-22T08:24:10.100Z] Command:       /usr/local/bin/node /usr/local/bin/firebase init
[debug] [2021-02-22T08:24:10.100Z] CLI Version:   9.4.0
[debug] [2021-02-22T08:24:10.100Z] Platform:      darwin
[debug] [2021-02-22T08:24:10.101Z] Node Version:  v14.15.4
[debug] [2021-02-22T08:24:10.102Z] Time:          Mon Feb 22 2021 17:24:10 GMT+0900 (대한민국 표준시)
[debug] [2021-02-22T08:24:10.102Z] ----------------------------------------------------------------------
[debug] [2021-02-22T08:24:10.102Z] 
[debug] [2021-02-22T08:24:10.106Z] > command requires scopes: ["email","openid","https://www.googleapis.com/auth/cloudplatformprojects.readonly","https://www.googleapis.com/auth/firebase","https://www.googleapis.com/auth/cloud-platform"]
[debug] [2021-02-22T08:24:10.106Z] > authorizing via signed-in user
[info] 
     ######## #### ########  ######## ########     ###     ######  ########
     ##        ##  ##     ## ##       ##     ##  ##   ##  ##       ##
     ######    ##  ########  ######   ########  #########  ######  ######
     ##        ##  ##    ##  ##       ##     ## ##     ##       ## ##
     ##       #### ##     ## ######## ########  ##     ##  ######  ########

You're about to initialize a Firebase project in this directory:

  /Users/alboom/Documents/VSCodeProjects/react-firebase-chat

Before we get started, keep in mind:

  * You are initializing in an existing Firebase project directory

[info] 
=== Project Setup
[info] 
[info] First, let's associate this project directory with a Firebase project.
[info] You can create multiple project aliases by running firebase use --add, 
[info] but for now we'll just set up a default project.
[info] 
[info] i  .firebaserc already has a default project, using react-firebase-chat-app-a20b5. 
[debug] [2021-02-22T08:24:12.368Z] >>> [apiv2][query] GET https://firebase.googleapis.com/v1beta1/projects/react-firebase-chat-app-a20b5 [none]
[debug] [2021-02-22T08:24:12.402Z] Failed to make request to https://firebase.googleapis.com/v1beta1/projects/react-firebase-chat-app-a20b5
[debug] [2021-02-22T08:24:12.606Z] FirebaseError: Failed to make request to https://firebase.googleapis.com/v1beta1/projects/react-firebase-chat-app-a20b5
    at Client.doRequest (/usr/local/lib/node_modules/firebase-tools/lib/apiv2.js:211:19)
    at processTicksAndRejections (internal/process/task_queues.js:93:5)
    at async Client.request (/usr/local/lib/node_modules/firebase-tools/lib/apiv2.js:96:20)
    at async Object.getFirebaseProject (/usr/local/lib/node_modules/firebase-tools/lib/management/projects.js:289:21)
    at async Object.doSetup [as project] (/usr/local/lib/node_modules/firebase-tools/lib/init/features/project.js:77:27)
    at async init (/usr/local/lib/node_modules/firebase-tools/lib/init/index.js:19:9)
[error] 
[error] Error: Failed to get Firebase project react-firebase-chat-app-a20b5. Please make sure the project exists and your account has permission to access it.
[debug] [2021-02-22T08:24:54.072Z] ----------------------------------------------------------------------
[debug] [2021-02-22T08:24:54.074Z] Command:       /usr/local/bin/node /usr/local/bin/firebase deploy
[debug] [2021-02-22T08:24:54.074Z] CLI Version:   9.4.0
[debug] [2021-02-22T08:24:54.074Z] Platform:      darwin
[debug] [2021-02-22T08:24:54.075Z] Node Version:  v14.15.4
[debug] [2021-02-22T08:24:54.075Z] Time:          Mon Feb 22 2021 17:24:54 GMT+0900 (대한민국 표준시)
[debug] [2021-02-22T08:24:54.075Z] ----------------------------------------------------------------------
[debug] [2021-02-22T08:24:54.076Z] 
[debug] [2021-02-22T08:24:54.081Z] > command requires scopes: ["email","openid","https://www.googleapis.com/auth/cloudplatformprojects.readonly","https://www.googleapis.com/auth/firebase","https://www.googleapis.com/auth/cloud-platform"]
[debug] [2021-02-22T08:24:54.081Z] > authorizing via signed-in user
[debug] [2021-02-22T08:24:54.082Z] [iam] checking project react-firebase-chat-app-a20b5 for permissions ["firebase.projects.get","firebasehosting.sites.update"]
[debug] [2021-02-22T08:24:54.083Z] > refreshing access token with scopes: ["email","https://www.googleapis.com/auth/cloud-platform","https://www.googleapis.com/auth/cloudplatformprojects.readonly","https://www.googleapis.com/auth/firebase","openid"]
[debug] [2021-02-22T08:24:54.084Z] >>> HTTP REQUEST POST https://www.googleapis.com/oauth2/v3/token  
 <request body omitted>
[debug] [2021-02-22T08:24:54.340Z] <<< HTTP RESPONSE 200 {"pragma":"no-cache","cache-control":"no-cache, no-store, max-age=0, must-revalidate","expires":"Mon, 01 Jan 1990 00:00:00 GMT","date":"Mon, 22 Feb 2021 08:24:54 GMT","content-type":"application/json; charset=utf-8","vary":"X-Origin, Referer, Origin,Accept-Encoding","server":"scaffolding on HTTPServer2","x-xss-protection":"0","x-frame-options":"SAMEORIGIN","x-content-type-options":"nosniff","alt-svc":"h3-29=\":443\"; ma=2592000,h3-T051=\":443\"; ma=2592000,h3-Q050=\":443\"; ma=2592000,h3-Q046=\":443\"; ma=2592000,h3-Q043=\":443\"; ma=2592000,quic=\":443\"; ma=2592000; v=\"46,43\"","accept-ranges":"none","transfer-encoding":"chunked"}
[debug] [2021-02-22T08:24:54.371Z] >>> HTTP REQUEST POST https://cloudresourcemanager.googleapis.com/v1/projects/react-firebase-chat-app-a20b5:testIamPermissions  
 {"permissions":["firebase.projects.get","firebasehosting.sites.update"]}
[debug] [2021-02-22T08:24:55.161Z] <<< HTTP RESPONSE 200 {"content-type":"application/json; charset=UTF-8","vary":"X-Origin, Referer, Origin,Accept-Encoding","date":"Mon, 22 Feb 2021 08:24:55 GMT","server":"ESF","cache-control":"private","x-xss-protection":"0","x-frame-options":"SAMEORIGIN","x-content-type-options":"nosniff","server-timing":"gfet4t7; dur=561","alt-svc":"h3-29=\":443\"; ma=2592000,h3-T051=\":443\"; ma=2592000,h3-Q050=\":443\"; ma=2592000,h3-Q046=\":443\"; ma=2592000,h3-Q043=\":443\"; ma=2592000,quic=\":443\"; ma=2592000; v=\"46,43\"","accept-ranges":"none","transfer-encoding":"chunked"}
[debug] [2021-02-22T08:24:55.163Z] > refreshing access token with scopes: []
[debug] [2021-02-22T08:24:55.163Z] >>> HTTP REQUEST POST https://www.googleapis.com/oauth2/v3/token  
 <request body omitted>
[debug] [2021-02-22T08:24:55.371Z] <<< HTTP RESPONSE 200 {"expires":"Mon, 01 Jan 1990 00:00:00 GMT","date":"Mon, 22 Feb 2021 08:24:55 GMT","pragma":"no-cache","cache-control":"no-cache, no-store, max-age=0, must-revalidate","content-type":"application/json; charset=utf-8","vary":"X-Origin, Referer, Origin,Accept-Encoding","server":"scaffolding on HTTPServer2","x-xss-protection":"0","x-frame-options":"SAMEORIGIN","x-content-type-options":"nosniff","alt-svc":"h3-29=\":443\"; ma=2592000,h3-T051=\":443\"; ma=2592000,h3-Q050=\":443\"; ma=2592000,h3-Q046=\":443\"; ma=2592000,h3-Q043=\":443\"; ma=2592000,quic=\":443\"; ma=2592000; v=\"46,43\"","accept-ranges":"none","transfer-encoding":"chunked"}
[debug] [2021-02-22T08:24:55.399Z] >>> [apiv2][query] GET https://firebase.googleapis.com/v1beta1/projects/react-firebase-chat-app-a20b5 [none]
[debug] [2021-02-22T08:24:55.414Z] Failed to make request to https://firebase.googleapis.com/v1beta1/projects/react-firebase-chat-app-a20b5
[debug] [2021-02-22T08:24:55.589Z] FirebaseError: Failed to make request to https://firebase.googleapis.com/v1beta1/projects/react-firebase-chat-app-a20b5
    at Client.doRequest (/usr/local/lib/node_modules/firebase-tools/lib/apiv2.js:211:19)
    at processTicksAndRejections (internal/process/task_queues.js:93:5)
    at async Client.request (/usr/local/lib/node_modules/firebase-tools/lib/apiv2.js:96:20)
    at async Object.getFirebaseProject (/usr/local/lib/node_modules/firebase-tools/lib/management/projects.js:289:21)
    at async Object.getDefaultHostingSite (/usr/local/lib/node_modules/firebase-tools/lib/getDefaultHostingSite.js:8:21)
    at async requireHostingSite (/usr/local/lib/node_modules/firebase-tools/lib/requireHostingSite.js:9:18)
    at async Object.fn (/usr/local/lib/node_modules/firebase-tools/lib/commands/deploy.js:66:9)
    at async /usr/local/lib/node_modules/firebase-tools/lib/command.js:161:17
[error] 
[error] Error: Failed to get Firebase project react-firebase-chat-app-a20b5. Please make sure the project exists and your account has permission to access it.
